UNOMobile/app/build/intermediates/manifest_merge_blame_file/release/manifest-merger-blame-release-report.txt
1<?xml version="1.0" encoding="utf-8"?>
2<manifest xmlns:android="http://schemas.android.com/apk/res/android"
3    package="com.example.unomobile"
4    android:versionCode="1"
5    android:versionName="1.0" >
6
7    <uses-sdk
8        android:minSdkVersion="21"
8-->src/main/AndroidManifest.xml
9        android:targetSdkVersion="33" />
9-->src/main/AndroidManifest.xml
10
11    <uses-permission android:name="android.permission.INTERNET" />
11-->src/main/AndroidManifest.xml:5:5-67
11-->src/main/AndroidManifest.xml:5:22-64
12    <uses-permission android:name="android.permission.ACCESS_NETWORK_STATE" />
12-->src/main/AndroidManifest.xml:6:5-79
12-->src/main/AndroidManifest.xml:6:22-76
13    <uses-permission android:name="android.permission.RECORD_AUDIO" />
13-->src/main/AndroidManifest.xml:7:5-71
13-->src/main/AndroidManifest.xml:7:22-68
14    <uses-permission android:name="android.permission.WRITE_EXTERNAL_STORAGE" />
14-->src/main/AndroidManifest.xml:8:5-9:68
14-->src/main/AndroidManifest.xml:9:9-65
15    <uses-permission android:name="android.permission.READ_EXTERNAL_STORAGE" />
15-->src/main/AndroidManifest.xml:10:5-80
15-->src/main/AndroidManifest.xml:10:22-77
16
17    <queries>
17-->src/main/AndroidManifest.xml:12:5-16:15
18        <intent>
18-->src/main/AndroidManifest.xml:13:9-15:18
19            <action android:name="android.media.action.VIDEO_CAPTURE" />
19-->src/main/AndroidManifest.xml:14:13-73
19-->src/main/AndroidManifest.xml:14:21-70
20        </intent>
21    </queries>
22
23    <application
23-->src/main/AndroidManifest.xml:18:5-83:19
24        android:allowBackup="true"
24-->src/main/AndroidManifest.xml:19:9-35
25        android:appComponentFactory="androidx.core.app.CoreComponentFactory"
25-->[androidx.core:core:1.8.0] AndroidManifest.xml:24:18-86
26        android:dataExtractionRules="@xml/data_extraction_rules"
26-->src/main/AndroidManifest.xml:20:9-65
27        android:fullBackupContent="@xml/backup_rules"
27-->src/main/AndroidManifest.xml:21:9-54
28        android:icon="@mipmap/ic_launcher"
28-->src/main/AndroidManifest.xml:22:9-43
29        android:label="@string/app_name"
29-->src/main/AndroidManifest.xml:23:9-41
30        android:requestLegacyExternalStorage="true"
30-->src/main/AndroidManifest.xml:28:9-52
31        android:roundIcon="@mipmap/ic_launcher_round"
31-->src/main/AndroidManifest.xml:24:9-54
32        android:supportsRtl="true"
32-->src/main/AndroidManifest.xml:25:9-35
33        android:theme="@style/Theme.UNOMobile"
33-->src/main/AndroidManifest.xml:26:9-47
34        android:usesCleartextTraffic="true" >
34-->src/main/AndroidManifest.xml:27:9-44
35        <activity
35-->src/main/AndroidManifest.xml:30:9-36:20
36            android:name="com.example.unomobile.activities.RecordVideoActivity"
36-->src/main/AndroidManifest.xml:31:13-59
37            android:exported="false" >
37-->src/main/AndroidManifest.xml:32:13-37
38            <meta-data
38-->src/main/AndroidManifest.xml:33:13-35:36
39                android:name="android.app.lib_name"
39-->src/main/AndroidManifest.xml:34:17-52
40                android:value="" />
40-->src/main/AndroidManifest.xml:35:17-33
41        </activity>
42        <activity
42-->src/main/AndroidManifest.xml:37:9-43:20
43            android:name="com.example.unomobile.activities.FullScreenActivity"
43-->src/main/AndroidManifest.xml:38:13-58
44            android:exported="false" >
44-->src/main/AndroidManifest.xml:39:13-37
45            <meta-data
45-->src/main/AndroidManifest.xml:33:13-35:36
46                android:name="android.app.lib_name"
46-->src/main/AndroidManifest.xml:34:17-52
47                android:value="" />
47-->src/main/AndroidManifest.xml:35:17-33
48        </activity>
49        <activity
49-->src/main/AndroidManifest.xml:44:9-51:20
50            android:name="com.example.unomobile.activities.ActivityPageActivity"
50-->src/main/AndroidManifest.xml:45:13-60
51            android:exported="false"
51-->src/main/AndroidManifest.xml:46:13-37
52            android:screenOrientation="portrait" >
52-->src/main/AndroidManifest.xml:47:13-49
53            <meta-data
53-->src/main/AndroidManifest.xml:33:13-35:36
54                android:name="android.app.lib_name"
54-->src/main/AndroidManifest.xml:34:17-52
55                android:value="" />
55-->src/main/AndroidManifest.xml:35:17-33
56        </activity>
57        <activity
57-->src/main/AndroidManifest.xml:52:9-59:20
58            android:name="com.example.unomobile.activities.RegisterActivity"
58-->src/main/AndroidManifest.xml:53:13-56
59            android:exported="false"
59-->src/main/AndroidManifest.xml:54:13-37
60            android:screenOrientation="portrait" >
60-->src/main/AndroidManifest.xml:55:13-49
61            <meta-data
61-->src/main/AndroidManifest.xml:33:13-35:36
62                android:name="android.app.lib_name"
62-->src/main/AndroidManifest.xml:34:17-52
63                android:value="" />
63-->src/main/AndroidManifest.xml:35:17-33
64        </activity>
65        <activity
65-->src/main/AndroidManifest.xml:60:9-67:20
66            android:name="com.example.unomobile.activities.LoginActivity"
66-->src/main/AndroidManifest.xml:61:13-53
67            android:exported="false"
67-->src/main/AndroidManifest.xml:62:13-37
68            android:screenOrientation="portrait" >
68-->src/main/AndroidManifest.xml:63:13-49
69            <meta-data
69-->src/main/AndroidManifest.xml:33:13-35:36
70                android:name="android.app.lib_name"
70-->src/main/AndroidManifest.xml:34:17-52
71                android:value="" />
71-->src/main/AndroidManifest.xml:35:17-33
72        </activity>
73        <activity
73-->src/main/AndroidManifest.xml:68:9-82:20
74            android:name="com.example.unomobile.MainActivity"
74-->src/main/AndroidManifest.xml:69:13-41
75            android:configChanges="keyboardHidden|orientation|screenSize"
75-->src/main/AndroidManifest.xml:70:13-74
76            android:exported="true"
76-->src/main/AndroidManifest.xml:71:13-36
77            android:screenOrientation="portrait" >
77-->src/main/AndroidManifest.xml:72:13-49
78            <intent-filter>
78-->src/main/AndroidManifest.xml:73:13-77:29
79                <action android:name="android.intent.action.MAIN" />
79-->src/main/AndroidManifest.xml:74:17-69
79-->src/main/AndroidManifest.xml:74:25-66
80
81                <category android:name="android.intent.category.LAUNCHER" />
81-->src/main/AndroidManifest.xml:76:17-77
81-->src/main/AndroidManifest.xml:76:27-74
82            </intent-filter>
83
84            <meta-data
84-->src/main/AndroidManifest.xml:33:13-35:36
85                android:name="android.app.lib_name"
85-->src/main/AndroidManifest.xml:34:17-52
86                android:value="" />
86-->src/main/AndroidManifest.xml:35:17-33
87        </activity>
88
89        <service
89-->[androidx.camera:camera-camera2:1.3.0-alpha04] AndroidManifest.xml:24:9-33:19
90            android:name="androidx.camera.core.impl.MetadataHolderService"
90-->[androidx.camera:camera-camera2:1.3.0-alpha04] AndroidManifest.xml:25:13-75
91            android:enabled="false"
91-->[androidx.camera:camera-camera2:1.3.0-alpha04] AndroidManifest.xml:26:13-36
92            android:exported="false" >
92-->[androidx.camera:camera-camera2:1.3.0-alpha04] AndroidManifest.xml:27:13-37
93            <meta-data
93-->[androidx.camera:camera-camera2:1.3.0-alpha04] AndroidManifest.xml:30:13-32:89
94                android:name="androidx.camera.core.impl.MetadataHolderService.DEFAULT_CONFIG_PROVIDER"
94-->[androidx.camera:camera-camera2:1.3.0-alpha04] AndroidManifest.xml:31:17-103
95                android:value="androidx.camera.camera2.Camera2Config$DefaultProvider" />
95-->[androidx.camera:camera-camera2:1.3.0-alpha04] AndroidManifest.xml:32:17-86
96        </service>
97
98        <uses-library
98-->[androidx.window:window:1.0.0] AndroidManifest.xml:25:9-27:40
99            android:name="androidx.window.extensions"
99-->[androidx.window:window:1.0.0] AndroidManifest.xml:26:13-54
100            android:required="false" />
100-->[androidx.window:window:1.0.0] AndroidManifest.xml:27:13-37
101        <uses-library
101-->[androidx.window:window:1.0.0] AndroidManifest.xml:28:9-30:40
102            android:name="androidx.window.sidecar"
102-->[androidx.window:window:1.0.0] AndroidManifest.xml:29:13-51
103            android:required="false" />
103-->[androidx.window:window:1.0.0] AndroidManifest.xml:30:13-37
104
105        <provider
105-->[com.squareup.picasso:picasso:2.71828] AndroidManifest.xml:8:9-11:40
106            android:name="com.squareup.picasso.PicassoProvider"
106-->[com.squareup.picasso:picasso:2.71828] AndroidManifest.xml:9:13-64
107            android:authorities="com.example.unomobile.com.squareup.picasso"
107-->[com.squareup.picasso:picasso:2.71828] AndroidManifest.xml:10:13-72
108            android:exported="false" />
108-->[com.squareup.picasso:picasso:2.71828] AndroidManifest.xml:11:13-37
109        <provider
109-->[androidx.emoji2:emoji2:1.2.0] AndroidManifest.xml:24:9-32:20
110            android:name="androidx.startup.InitializationProvider"
110-->[androidx.emoji2:emoji2:1.2.0] AndroidManifest.xml:25:13-67
111            android:authorities="com.example.unomobile.androidx-startup"
111-->[androidx.emoji2:emoji2:1.2.0] AndroidManifest.xml:26:13-68
112            android:exported="false" >
112-->[androidx.emoji2:emoji2:1.2.0] AndroidManifest.xml:27:13-37
113            <meta-data
113-->[androidx.emoji2:emoji2:1.2.0] AndroidManifest.xml:29:13-31:52
114                android:name="androidx.emoji2.text.EmojiCompatInitializer"
114-->[androidx.emoji2:emoji2:1.2.0] AndroidManifest.xml:30:17-75
115                android:value="androidx.startup" />
115-->[androidx.emoji2:emoji2:1.2.0] AndroidManifest.xml:31:17-49
116            <meta-data
116-->[androidx.lifecycle:lifecycle-process:2.4.1] AndroidManifest.xml:31:13-33:52
117                android:name="androidx.lifecycle.ProcessLifecycleInitializer"
117-->[androidx.lifecycle:lifecycle-process:2.4.1] AndroidManifest.xml:32:17-78
118                android:value="androidx.startup" />
118-->[androidx.lifecycle:lifecycle-process:2.4.1] AndroidManifest.xml:33:17-49
119        </provider>
120    </application>
121
122</manifest>